2023-09-01T16:50:26.770+07:00  INFO 8804 --- [main] c.e.m.MySmallProjectApplication          : Starting MySmallProjectApplication using Java 17.0.4.1 with PID 8804 (D:\lessons\Intern_Project\target\classes started by Theara in D:\lessons\Intern_Project)
2023-09-01T16:50:26.772+07:00 DEBUG 8804 --- [main] c.e.m.MySmallProjectApplication          : Running with Spring Boot v3.1.2, Spring v6.0.11
2023-09-01T16:50:26.774+07:00  INFO 8804 --- [main] c.e.m.MySmallProjectApplication          : No active profile set, falling back to 1 default profile: "default"
2023-09-01T16:50:27.920+07:00  INFO 8804 --- [main] .s.d.r.c.RepositoryConfigurationDelegate : Bootstrapping Spring Data JPA repositories in DEFAULT mode.
2023-09-01T16:50:28.031+07:00  INFO 8804 --- [main] .s.d.r.c.RepositoryConfigurationDelegate : Finished Spring Data repository scanning in 100 ms. Found 3 JPA repository interfaces.
2023-09-01T16:50:28.681+07:00  INFO 8804 --- [main] o.s.b.w.embedded.tomcat.TomcatWebServer  : Tomcat initialized with port(s): 8888 (http)
2023-09-01T16:50:28.693+07:00  INFO 8804 --- [main] o.apache.catalina.core.StandardService   : Starting service [Tomcat]
2023-09-01T16:50:28.693+07:00  INFO 8804 --- [main] o.apache.catalina.core.StandardEngine    : Starting Servlet engine: [Apache Tomcat/10.1.11]
2023-09-01T16:50:28.804+07:00  INFO 8804 --- [main] o.a.c.c.C.[Tomcat].[localhost].[/]       : Initializing Spring embedded WebApplicationContext
2023-09-01T16:50:28.804+07:00  INFO 8804 --- [main] w.s.c.ServletWebServerApplicationContext : Root WebApplicationContext: initialization completed in 1951 ms
2023-09-01T16:50:29.422+07:00  INFO 8804 --- [main] o.s.o.j.p.SpringPersistenceUnitInfo      : No LoadTimeWeaver setup: ignoring JPA class transformer
2023-09-01T16:50:29.447+07:00  INFO 8804 --- [main] com.zaxxer.hikari.HikariDataSource       : HikariPool-1 - Starting...
2023-09-01T16:50:29.900+07:00  INFO 8804 --- [main] com.zaxxer.hikari.pool.HikariPool        : HikariPool-1 - Added connection com.mysql.cj.jdbc.ConnectionImpl@5c839677
2023-09-01T16:50:29.903+07:00  INFO 8804 --- [main] com.zaxxer.hikari.HikariDataSource       : HikariPool-1 - Start completed.
2023-09-01T16:50:31.433+07:00  INFO 8804 --- [main] j.LocalContainerEntityManagerFactoryBean : Initialized JPA EntityManagerFactory for persistence unit 'default'
2023-09-01T16:50:31.996+07:00  WARN 8804 --- [main] JpaBaseConfiguration$JpaWebConfiguration : spring.jpa.open-in-view is enabled by default. Therefore, database queries may be performed during view rendering. Explicitly configure spring.jpa.open-in-view to disable this warning
2023-09-01T16:50:32.442+07:00  INFO 8804 --- [main] o.s.b.w.embedded.tomcat.TomcatWebServer  : Tomcat started on port(s): 8888 (http) with context path ''
2023-09-01T16:50:32.453+07:00  INFO 8804 --- [main] c.e.m.MySmallProjectApplication          : Started MySmallProjectApplication in 6.538 seconds (process running for 7.683)
2023-09-01T16:50:35.947+07:00  INFO 8804 --- [http-nio-8888-exec-1] o.a.c.c.C.[Tomcat].[localhost].[/]       : Initializing Spring DispatcherServlet 'dispatcherServlet'
2023-09-01T16:50:35.948+07:00  INFO 8804 --- [http-nio-8888-exec-1] o.s.web.servlet.DispatcherServlet        : Initializing Servlet 'dispatcherServlet'
2023-09-01T16:50:35.952+07:00  INFO 8804 --- [http-nio-8888-exec-1] o.s.web.servlet.DispatcherServlet        : Completed initialization in 2 ms
2023-09-01T16:50:36.030+07:00 DEBUG 8804 --- [http-nio-8888-exec-1] c.e.m.controller.ProductController       : Get all information of products......
2023-09-01T16:59:29.886+07:00  INFO 8804 --- [SpringApplicationShutdownHook] j.LocalContainerEntityManagerFactoryBean : Closing JPA EntityManagerFactory for persistence unit 'default'
2023-09-01T16:59:29.889+07:00  INFO 8804 --- [SpringApplicationShutdownHook] com.zaxxer.hikari.HikariDataSource       : HikariPool-1 - Shutdown initiated...
2023-09-01T16:59:29.899+07:00  INFO 8804 --- [SpringApplicationShutdownHook] com.zaxxer.hikari.HikariDataSource       : HikariPool-1 - Shutdown completed.
