2023-09-01T16:38:59.188+07:00  INFO 9488 --- [main] c.e.m.MySmallProjectApplication          : Starting MySmallProjectApplication using Java 17.0.4.1 with PID 9488 (D:\lessons\Intern_Project\target\classes started by Theara in D:\lessons\Intern_Project)
2023-09-01T16:38:59.191+07:00 DEBUG 9488 --- [main] c.e.m.MySmallProjectApplication          : Running with Spring Boot v3.1.2, Spring v6.0.11
2023-09-01T16:38:59.193+07:00  INFO 9488 --- [main] c.e.m.MySmallProjectApplication          : No active profile set, falling back to 1 default profile: "default"
2023-09-01T16:39:00.932+07:00  INFO 9488 --- [main] o.s.b.w.embedded.tomcat.TomcatWebServer  : Tomcat initialized with port(s): 8888 (http)
2023-09-01T16:39:00.955+07:00  INFO 9488 --- [main] o.apache.catalina.core.StandardService   : Starting service [Tomcat]
2023-09-01T16:39:00.957+07:00  INFO 9488 --- [main] o.apache.catalina.core.StandardEngine    : Starting Servlet engine: [Apache Tomcat/10.1.11]
2023-09-01T16:39:01.089+07:00  INFO 9488 --- [main] o.a.c.c.C.[Tomcat].[localhost].[/]       : Initializing Spring embedded WebApplicationContext
2023-09-01T16:39:01.090+07:00  INFO 9488 --- [main] w.s.c.ServletWebServerApplicationContext : Root WebApplicationContext: initialization completed in 1782 ms
2023-09-01T16:39:01.199+07:00  WARN 9488 --- [main] ConfigServletWebServerApplicationContext : Exception encountered during context initialization - cancelling refresh attempt: org.springframework.beans.factory.UnsatisfiedDependencyException: Error creating bean with name 'productController': Unsatisfied dependency expressed through field 'productsService': Error creating bean with name 'productImplement': Unsatisfied dependency expressed through field 'productRepository': No qualifying bean of type 'com.example.mysmallproject.repository.ProductRepository' available: expected at least 1 bean which qualifies as autowire candidate. Dependency annotations: {@org.springframework.beans.factory.annotation.Autowired(required=true)}
2023-09-01T16:39:01.204+07:00  INFO 9488 --- [main] o.apache.catalina.core.StandardService   : Stopping service [Tomcat]
2023-09-01T16:39:01.232+07:00  INFO 9488 --- [main] .s.b.a.l.ConditionEvaluationReportLogger : 

Error starting ApplicationContext. To display the condition evaluation report re-run your application with 'debug' enabled.
2023-09-01T16:39:01.267+07:00 ERROR 9488 --- [main] o.s.b.d.LoggingFailureAnalysisReporter   : 

***************************
APPLICATION FAILED TO START
***************************

Description:

Field productRepository in com.example.mysmallproject.service.implement.ProductImplement required a bean of type 'com.example.mysmallproject.repository.ProductRepository' that could not be found.

The injection point has the following annotations:
	- @org.springframework.beans.factory.annotation.Autowired(required=true)


Action:

Consider defining a bean of type 'com.example.mysmallproject.repository.ProductRepository' in your configuration.

2023-09-01T16:39:42.092+07:00  INFO 13388 --- [main] c.e.m.MySmallProjectApplication          : Starting MySmallProjectApplication using Java 17.0.4.1 with PID 13388 (D:\lessons\Intern_Project\target\classes started by Theara in D:\lessons\Intern_Project)
2023-09-01T16:39:42.095+07:00 DEBUG 13388 --- [main] c.e.m.MySmallProjectApplication          : Running with Spring Boot v3.1.2, Spring v6.0.11
2023-09-01T16:39:42.097+07:00  INFO 13388 --- [main] c.e.m.MySmallProjectApplication          : No active profile set, falling back to 1 default profile: "default"
2023-09-01T16:39:43.210+07:00  INFO 13388 --- [main] .s.d.r.c.RepositoryConfigurationDelegate : Bootstrapping Spring Data JPA repositories in DEFAULT mode.
2023-09-01T16:39:43.311+07:00  INFO 13388 --- [main] .s.d.r.c.RepositoryConfigurationDelegate : Finished Spring Data repository scanning in 91 ms. Found 3 JPA repository interfaces.
2023-09-01T16:39:43.956+07:00  INFO 13388 --- [main] o.s.b.w.embedded.tomcat.TomcatWebServer  : Tomcat initialized with port(s): 8888 (http)
2023-09-01T16:39:43.967+07:00  INFO 13388 --- [main] o.apache.catalina.core.StandardService   : Starting service [Tomcat]
2023-09-01T16:39:43.967+07:00  INFO 13388 --- [main] o.apache.catalina.core.StandardEngine    : Starting Servlet engine: [Apache Tomcat/10.1.11]
2023-09-01T16:39:44.091+07:00  INFO 13388 --- [main] o.a.c.c.C.[Tomcat].[localhost].[/]       : Initializing Spring embedded WebApplicationContext
2023-09-01T16:39:44.092+07:00  INFO 13388 --- [main] w.s.c.ServletWebServerApplicationContext : Root WebApplicationContext: initialization completed in 1907 ms
2023-09-01T16:39:44.712+07:00  INFO 13388 --- [main] o.s.o.j.p.SpringPersistenceUnitInfo      : No LoadTimeWeaver setup: ignoring JPA class transformer
2023-09-01T16:39:44.733+07:00  INFO 13388 --- [main] com.zaxxer.hikari.HikariDataSource       : HikariPool-1 - Starting...
2023-09-01T16:39:45.154+07:00  INFO 13388 --- [main] com.zaxxer.hikari.pool.HikariPool        : HikariPool-1 - Added connection com.mysql.cj.jdbc.ConnectionImpl@79604abe
2023-09-01T16:39:45.157+07:00  INFO 13388 --- [main] com.zaxxer.hikari.HikariDataSource       : HikariPool-1 - Start completed.
2023-09-01T16:39:46.720+07:00  INFO 13388 --- [main] j.LocalContainerEntityManagerFactoryBean : Initialized JPA EntityManagerFactory for persistence unit 'default'
2023-09-01T16:39:47.296+07:00  WARN 13388 --- [main] JpaBaseConfiguration$JpaWebConfiguration : spring.jpa.open-in-view is enabled by default. Therefore, database queries may be performed during view rendering. Explicitly configure spring.jpa.open-in-view to disable this warning
2023-09-01T16:39:47.740+07:00  INFO 13388 --- [main] o.s.b.w.embedded.tomcat.TomcatWebServer  : Tomcat started on port(s): 8888 (http) with context path ''
2023-09-01T16:39:47.750+07:00  INFO 13388 --- [main] c.e.m.MySmallProjectApplication          : Started MySmallProjectApplication in 6.517 seconds (process running for 7.659)
2023-09-01T16:46:01.122+07:00  INFO 13388 --- [SpringApplicationShutdownHook] j.LocalContainerEntityManagerFactoryBean : Closing JPA EntityManagerFactory for persistence unit 'default'
2023-09-01T16:46:01.126+07:00  INFO 13388 --- [SpringApplicationShutdownHook] com.zaxxer.hikari.HikariDataSource       : HikariPool-1 - Shutdown initiated...
2023-09-01T16:46:01.142+07:00  INFO 13388 --- [SpringApplicationShutdownHook] com.zaxxer.hikari.HikariDataSource       : HikariPool-1 - Shutdown completed.
Application.logApplication.logApplication.logApplication.logApplication.logApplication.logApplication.logApplication.logApplication.logApplication.logApplication.logApplication.logApplication.logApplication.logApplication.logApplication.logApplication.logApplication.logApplication.logApplication.logApplication.logApplication.logApplication.logApplication.logApplication.logApplication.logApplication.logApplication.logApplication.logApplication.logApplication.logApplication.logApplication.logApplication.logApplication.logApplication.logApplication.logApplication.logApplication.logApplication.logApplication.logApplication.logApplication.logApplication.logApplication.logApplication.logApplication.logApplication.logApplication.logApplication.logApplication.logApplication.logApplication.logApplication.logApplication.logApplication.logApplication.logApplication.logApplication.logApplication.logApplication.logApplication.logApplication.logApplication.logApplication.logApplication.logApplication.logApplication.logApplication.logApplication.logApplication.log2023-09-01T16:49:58.329+07:00  INFO 13016 --- [main] c.e.m.MySmallProjectApplication          : Starting MySmallProjectApplication using Java 17.0.4.1 with PID 13016 (D:\lessons\Intern_Project\target\classes started by Theara in D:\lessons\Intern_Project)
2023-09-01T16:49:58.332+07:00 DEBUG 13016 --- [main] c.e.m.MySmallProjectApplication          : Running with Spring Boot v3.1.2, Spring v6.0.11
2023-09-01T16:49:58.334+07:00  INFO 13016 --- [main] c.e.m.MySmallProjectApplication          : No active profile set, falling back to 1 default profile: "default"
2023-09-01T16:49:59.704+07:00  INFO 13016 --- [main] .s.d.r.c.RepositoryConfigurationDelegate : Bootstrapping Spring Data JPA repositories in DEFAULT mode.
2023-09-01T16:49:59.820+07:00  INFO 13016 --- [main] .s.d.r.c.RepositoryConfigurationDelegate : Finished Spring Data repository scanning in 100 ms. Found 3 JPA repository interfaces.
2023-09-01T16:50:00.732+07:00  INFO 13016 --- [main] o.s.b.w.embedded.tomcat.TomcatWebServer  : Tomcat initialized with port(s): 8888 (http)
2023-09-01T16:50:00.748+07:00  INFO 13016 --- [main] o.apache.catalina.core.StandardService   : Starting service [Tomcat]
2023-09-01T16:50:00.749+07:00  INFO 13016 --- [main] o.apache.catalina.core.StandardEngine    : Starting Servlet engine: [Apache Tomcat/10.1.11]
2023-09-01T16:50:00.906+07:00  INFO 13016 --- [main] o.a.c.c.C.[Tomcat].[localhost].[/]       : Initializing Spring embedded WebApplicationContext
2023-09-01T16:50:00.907+07:00  INFO 13016 --- [main] w.s.c.ServletWebServerApplicationContext : Root WebApplicationContext: initialization completed in 2491 ms
2023-09-01T16:50:01.832+07:00  INFO 13016 --- [main] o.s.o.j.p.SpringPersistenceUnitInfo      : No LoadTimeWeaver setup: ignoring JPA class transformer
2023-09-01T16:50:01.852+07:00  INFO 13016 --- [main] com.zaxxer.hikari.HikariDataSource       : HikariPool-1 - Starting...
2023-09-01T16:50:02.292+07:00  INFO 13016 --- [main] com.zaxxer.hikari.pool.HikariPool        : HikariPool-1 - Added connection com.mysql.cj.jdbc.ConnectionImpl@218df7d6
2023-09-01T16:50:02.296+07:00  INFO 13016 --- [main] com.zaxxer.hikari.HikariDataSource       : HikariPool-1 - Start completed.
2023-09-01T16:50:04.197+07:00  INFO 13016 --- [main] j.LocalContainerEntityManagerFactoryBean : Initialized JPA EntityManagerFactory for persistence unit 'default'
2023-09-01T16:50:05.153+07:00  WARN 13016 --- [main] JpaBaseConfiguration$JpaWebConfiguration : spring.jpa.open-in-view is enabled by default. Therefore, database queries may be performed during view rendering. Explicitly configure spring.jpa.open-in-view to disable this warning
2023-09-01T16:50:05.726+07:00  INFO 13016 --- [main] o.s.b.w.embedded.tomcat.TomcatWebServer  : Tomcat started on port(s): 8888 (http) with context path ''
2023-09-01T16:50:05.736+07:00  INFO 13016 --- [main] c.e.m.MySmallProjectApplication          : Started MySmallProjectApplication in 8.363 seconds (process running for 9.606)
2023-09-01T16:50:10.777+07:00  INFO 13016 --- [http-nio-8888-exec-2] o.a.c.c.C.[Tomcat].[localhost].[/]       : Initializing Spring DispatcherServlet 'dispatcherServlet'
2023-09-01T16:50:10.779+07:00  INFO 13016 --- [http-nio-8888-exec-2] o.s.web.servlet.DispatcherServlet        : Initializing Servlet 'dispatcherServlet'
2023-09-01T16:50:10.780+07:00  INFO 13016 --- [http-nio-8888-exec-2] o.s.web.servlet.DispatcherServlet        : Completed initialization in 1 ms
2023-09-01T16:50:10.850+07:00 DEBUG 13016 --- [http-nio-8888-exec-2] c.e.m.controller.ProductController       : Get all information of products......
2023-09-01T16:50:22.705+07:00  INFO 13016 --- [SpringApplicationShutdownHook] j.LocalContainerEntityManagerFactoryBean : Closing JPA EntityManagerFactory for persistence unit 'default'
2023-09-01T16:50:22.707+07:00  INFO 13016 --- [SpringApplicationShutdownHook] com.zaxxer.hikari.HikariDataSource       : HikariPool-1 - Shutdown initiated...
2023-09-01T16:50:22.721+07:00  INFO 13016 --- [SpringApplicationShutdownHook] com.zaxxer.hikari.HikariDataSource       : HikariPool-1 - Shutdown completed.
